<?xml version="1.0" encoding="UTF-8"?>
<!-- Generated by org.testng.reporters.JUnitReportReporter -->
<testsuite ignored="0" hostname="DESKTOP-52N14CT" failures="0" tests="1" name="pruebang.SelTest" time="23.925" errors="0" timestamp="20 abr. 2024 16:48:07 GMT" skipped="0">
  <testcase classname="pruebang.SelTest" name="test01" time="23.925"/>
</testsuite> <!-- pruebang.SelTest -->
